build/app/intermediates/manifest_merge_blame_file/release/manifest-merger-blame-release-report.txt
1<?xml version="1.0" encoding="utf-8"?>
2<manifest xmlns:android="http://schemas.android.com/apk/res/android"
3    package="com.example.myapp"
4    android:versionCode="1"
5    android:versionName="1.0.0" >
6
7    <uses-sdk
8        android:minSdkVersion="21"
8-->src/main/AndroidManifest.xml
9        android:targetSdkVersion="34" />
9-->src/main/AndroidManifest.xml
10    <!--
11         Required to query activities that can process text, see:
12         https://developer.android.com/training/package-visibility and
13         https://developer.android.com/reference/android/content/Intent#ACTION_PROCESS_TEXT.
14
15         In particular, this is used by the Flutter engine in io.flutter.plugin.text.ProcessTextPlugin.
16    -->
17    <queries>
17-->src/main/AndroidManifest.xml:39:5-44:15
18        <intent>
18-->src/main/AndroidManifest.xml:40:9-43:18
19            <action android:name="android.intent.action.PROCESS_TEXT" />
19-->src/main/AndroidManifest.xml:41:13-72
19-->src/main/AndroidManifest.xml:41:21-70
20
21            <data android:mimeType="text/plain" />
21-->src/main/AndroidManifest.xml:42:13-50
21-->src/main/AndroidManifest.xml:42:19-48
22        </intent>
23        <intent>
23-->[:file_picker] AndroidManifest.xml:12:9-16:18
24            <action android:name="android.intent.action.GET_CONTENT" />
24-->[:file_picker] AndroidManifest.xml:13:13-72
24-->[:file_picker] AndroidManifest.xml:13:21-69
25
26            <data android:mimeType="*/*" />
26-->src/main/AndroidManifest.xml:42:13-50
26-->src/main/AndroidManifest.xml:42:19-48
27        </intent>
28    </queries>
29
30    <uses-permission android:name="android.permission.READ_EXTERNAL_STORAGE" />
30-->[:file_picker] AndroidManifest.xml:9:5-80
30-->[:file_picker] AndroidManifest.xml:9:22-77
31
32    <application
33        android:name="android.app.Application"
33-->src/main/AndroidManifest.xml:4:9-42
34        android:appComponentFactory="androidx.core.app.CoreComponentFactory"
34-->[androidx.core:core:1.6.0] AndroidManifest.xml:24:18-86
35        android:icon="@mipmap/launcher_icon"
35-->src/main/AndroidManifest.xml:5:9-45
36        android:label="CashMind" >
36-->src/main/AndroidManifest.xml:3:9-33
37        <activity
37-->src/main/AndroidManifest.xml:6:9-27:20
38            android:name="com.example.myapp.MainActivity"
38-->src/main/AndroidManifest.xml:7:13-41
39            android:configChanges="orientation|keyboardHidden|keyboard|screenSize|smallestScreenSize|locale|layoutDirection|fontScale|screenLayout|density|uiMode"
39-->src/main/AndroidManifest.xml:12:13-163
40            android:exported="true"
40-->src/main/AndroidManifest.xml:8:13-36
41            android:hardwareAccelerated="true"
41-->src/main/AndroidManifest.xml:13:13-47
42            android:launchMode="singleTop"
42-->src/main/AndroidManifest.xml:9:13-43
43            android:taskAffinity=""
43-->src/main/AndroidManifest.xml:10:13-36
44            android:theme="@style/LaunchTheme"
44-->src/main/AndroidManifest.xml:11:13-47
45            android:windowSoftInputMode="adjustResize" >
45-->src/main/AndroidManifest.xml:14:13-55
46
47            <!--
48                 Specifies an Android theme to apply to this Activity as soon as
49                 the Android process has started. This theme is visible to the user
50                 while the Flutter UI initializes. After that, this theme continues
51                 to determine the Window background behind the Flutter UI.
52            -->
53            <meta-data
53-->src/main/AndroidManifest.xml:19:13-22:17
54                android:name="io.flutter.embedding.android.NormalTheme"
54-->src/main/AndroidManifest.xml:20:15-70
55                android:resource="@style/NormalTheme" />
55-->src/main/AndroidManifest.xml:21:15-52
56
57            <intent-filter>
57-->src/main/AndroidManifest.xml:23:13-26:29
58                <action android:name="android.intent.action.MAIN" />
58-->src/main/AndroidManifest.xml:24:17-68
58-->src/main/AndroidManifest.xml:24:25-66
59
60                <category android:name="android.intent.category.LAUNCHER" />
60-->src/main/AndroidManifest.xml:25:17-76
60-->src/main/AndroidManifest.xml:25:27-74
61            </intent-filter>
62        </activity>
63        <!--
64             Don't delete the meta-data below.
65             This is used by the Flutter tool to generate GeneratedPluginRegistrant.java
66        -->
67        <meta-data
67-->src/main/AndroidManifest.xml:30:9-32:33
68            android:name="flutterEmbedding"
68-->src/main/AndroidManifest.xml:31:13-44
69            android:value="2" />
69-->src/main/AndroidManifest.xml:32:13-30
70
71        <uses-library
71-->[androidx.window:window:1.0.0-beta04] AndroidManifest.xml:25:9-27:40
72            android:name="androidx.window.extensions"
72-->[androidx.window:window:1.0.0-beta04] AndroidManifest.xml:26:13-54
73            android:required="false" />
73-->[androidx.window:window:1.0.0-beta04] AndroidManifest.xml:27:13-37
74        <uses-library
74-->[androidx.window:window:1.0.0-beta04] AndroidManifest.xml:28:9-30:40
75            android:name="androidx.window.sidecar"
75-->[androidx.window:window:1.0.0-beta04] AndroidManifest.xml:29:13-51
76            android:required="false" />
76-->[androidx.window:window:1.0.0-beta04] AndroidManifest.xml:30:13-37
77    </application>
78
79</manifest>